0 info it worked if it ends with ok
1 verbose cli [ '/usr/bin/nodejs', '/usr/bin/npm', 'version', 'patch' ]
2 info using npm@2.15.8
3 info using node@v4.4.7
4 info git [ 'status', '--porcelain' ]
5 verbose stack Error: Git working directory not clean.
5 verbose stack M .npmignore
5 verbose stack M package.json
5 verbose stack M src/SidebarItem.js
5 verbose stack M src/index.js
5 verbose stack     at /usr/lib/node_modules/npm/lib/version.js:171:21
5 verbose stack     at ChildProcess.exithandler (child_process.js:204:7)
5 verbose stack     at emitTwo (events.js:87:13)
5 verbose stack     at ChildProcess.emit (events.js:172:7)
5 verbose stack     at maybeClose (internal/child_process.js:827:16)
5 verbose stack     at Socket.<anonymous> (internal/child_process.js:319:11)
5 verbose stack     at emitOne (events.js:77:13)
5 verbose stack     at Socket.emit (events.js:169:7)
5 verbose stack     at Pipe._onclose (net.js:486:12)
6 verbose cwd /home/greg/Development/react/react-sidebar
7 error Linux 4.4.0-31-generic
8 error argv "/usr/bin/nodejs" "/usr/bin/npm" "version" "patch"
9 error node v4.4.7
10 error npm  v2.15.8
11 error Git working directory not clean.
11 error M .npmignore
11 error M package.json
11 error M src/SidebarItem.js
11 error M src/index.js
12 error If you need help, you may report this error at:
12 error     <https://github.com/npm/npm/issues>
13 verbose exit [ 1, true ]
